# JRE version: Java(TM) SE Runtime Environment (20.0.1+9) (build 20.0.1+9-29)
# Java VM: Java HotSpot(TM) 64-Bit Server VM (20.0.1+9-29, mixed mode, emulated-client, sharing, tiered, compressed oops, compressed class ptrs, g1 gc, windows-amd64)
GC Precious Log:
 CardTable entry size: 512
 Card Set container configuration: InlinePtr #cards 5 size 8 Array Of Cards #cards 12 size 40 Howl #buckets 4 coarsen threshold 1843 Howl Bitmap #cards 512 size 80 coarsen threshold 460 Card regions per heap region 1 cards per card region 2048
 CPUs: 12 total, 12 available
 Memory: 5989M
 Large Page Support: Disabled
 NUMA Support: Disabled
 Compressed Oops: Enabled (32-bit)
 Heap Region Size: 1M
 Heap Min Capacity: 8M
 Heap Initial Capacity: 94M
 Heap Max Capacity: 1498M
 Pre-touch: Disabled
 Parallel Workers: 10
 Concurrent Workers: 3
 Concurrent Refinement Workers: 10
 Periodic GC: Disabled
Heap:
 garbage-first heap   total 71680K, used 39089K [0x00000000a2600000, 0x0000000100000000)
  region size 1024K, 19 young (19456K), 5 survivors (5120K)
 Metaspace       used 59767K, committed 60480K, reserved 1114112K
  class space    used 8257K, committed 8576K, reserved 1048576K
GC Heap History (20 events):
Event: 4.139 GC heap before
{Heap before GC invocations=11 (full 0):
 garbage-first heap   total 49152K, used 42577K [0x00000000a2600000, 0x0000000100000000)
  region size 1024K, 27 young (27648K), 3 survivors (3072K)
 Metaspace       used 32068K, committed 32640K, reserved 1114112K
  class space    used 4231K, committed 4480K, reserved 1048576K
}
Event: 4.142 GC heap after
{Heap after GC invocations=12 (full 0):
 garbage-first heap   total 59392K, used 18633K [0x00000000a2600000, 0x0000000100000000)
  region size 1024K, 2 young (2048K), 2 survivors (2048K)
 Metaspace       used 32068K, committed 32640K, reserved 1114112K
  class space    used 4231K, committed 4480K, reserved 1048576K
}
Event: 4.256 GC heap before
{Heap before GC invocations=12 (full 0):
 garbage-first heap   total 59392K, used 25801K [0x00000000a2600000, 0x0000000100000000)
  region size 1024K, 10 young (10240K), 2 survivors (2048K)
 Metaspace       used 32704K, committed 33280K, reserved 1114112K
  class space    used 4324K, committed 4608K, reserved 1048576K
}
Event: 4.259 GC heap after
{Heap after GC invocations=13 (full 0):
 garbage-first heap   total 59392K, used 18792K [0x00000000a2600000, 0x0000000100000000)
  region size 1024K, 2 young (2048K), 2 survivors (2048K)
 Metaspace       used 32704K, committed 33280K, reserved 1114112K
  class space    used 4324K, committed 4608K, reserved 1048576K
}
Event: 4.599 GC heap before
{Heap before GC invocations=14 (full 0):
 garbage-first heap   total 59392K, used 51560K [0x00000000a2600000, 0x0000000100000000)
  region size 1024K, 34 young (34816K), 2 survivors (2048K)
 Metaspace       used 35827K, committed 36352K, reserved 1114112K
  class space    used 4819K, committed 5056K, reserved 1048576K
}
Event: 4.601 GC heap after
{Heap after GC invocations=15 (full 0):
 garbage-first heap   total 59392K, used 19277K [0x00000000a2600000, 0x0000000100000000)
  region size 1024K, 3 young (3072K), 3 survivors (3072K)
 Metaspace       used 35827K, committed 36352K, reserved 1114112K
  class space    used 4819K, committed 5056K, reserved 1048576K
}
Event: 4.917 GC heap before
{Heap before GC invocations=15 (full 0):
 garbage-first heap   total 59392K, used 51021K [0x00000000a2600000, 0x0000000100000000)
  region size 1024K, 34 young (34816K), 3 survivors (3072K)
 Metaspace       used 38797K, committed 39360K, reserved 1114112K
  class space    used 5267K, committed 5504K, reserved 1048576K
}
Event: 4.921 GC heap after
{Heap after GC invocations=16 (full 0):
 garbage-first heap   total 59392K, used 20192K [0x00000000a2600000, 0x0000000100000000)
  region size 1024K, 4 young (4096K), 4 survivors (4096K)
 Metaspace       used 38797K, committed 39360K, reserved 1114112K
  class space    used 5267K, committed 5504K, reserved 1048576K
}
Event: 5.228 GC heap before
{Heap before GC invocations=16 (full 0):
 garbage-first heap   total 59392K, used 49888K [0x00000000a2600000, 0x0000000100000000)
  region size 1024K, 33 young (33792K), 4 survivors (4096K)
 Metaspace       used 41953K, committed 42560K, reserved 1114112K
  class space    used 5668K, committed 5952K, reserved 1048576K
}
Event: 5.232 GC heap after
{Heap after GC invocations=17 (full 0):
 garbage-first heap   total 59392K, used 21191K [0x00000000a2600000, 0x0000000100000000)
  region size 1024K, 4 young (4096K), 4 survivors (4096K)
 Metaspace       used 41953K, committed 42560K, reserved 1114112K
  class space    used 5668K, committed 5952K, reserved 1048576K
}
Event: 5.517 GC heap before
{Heap before GC invocations=17 (full 0):
 garbage-first heap   total 59392K, used 49863K [0x00000000a2600000, 0x0000000100000000)
  region size 1024K, 32 young (32768K), 4 survivors (4096K)
 Metaspace       used 44758K, committed 45376K, reserved 1114112K
  class space    used 6034K, committed 6336K, reserved 1048576K
}
Event: 5.521 GC heap after
{Heap after GC invocations=18 (full 0):
 garbage-first heap   total 71680K, used 22219K [0x00000000a2600000, 0x0000000100000000)
  region size 1024K, 4 young (4096K), 4 survivors (4096K)
 Metaspace       used 44758K, committed 45376K, reserved 1114112K
  class space    used 6034K, committed 6336K, reserved 1048576K
}
Event: 5.900 GC heap before
{Heap before GC invocations=18 (full 0):
 garbage-first heap   total 71680K, used 60107K [0x00000000a2600000, 0x0000000100000000)
  region size 1024K, 42 young (43008K), 4 survivors (4096K)
 Metaspace       used 49633K, committed 50240K, reserved 1114112K
  class space    used 6707K, committed 6976K, reserved 1048576K
}
Event: 5.903 GC heap after
{Heap after GC invocations=19 (full 0):
 garbage-first heap   total 71680K, used 22806K [0x00000000a2600000, 0x0000000100000000)
  region size 1024K, 4 young (4096K), 4 survivors (4096K)
 Metaspace       used 49633K, committed 50240K, reserved 1114112K
  class space    used 6707K, committed 6976K, reserved 1048576K
}
Event: 6.289 GC heap before
{Heap before GC invocations=19 (full 0):
 garbage-first heap   total 71680K, used 61718K [0x00000000a2600000, 0x0000000100000000)
  region size 1024K, 42 young (43008K), 4 survivors (4096K)
 Metaspace       used 53177K, committed 53824K, reserved 1114112K
  class space    used 7320K, committed 7616K, reserved 1048576K
}
Event: 6.293 GC heap after
{Heap after GC invocations=20 (full 0):
 garbage-first heap   total 71680K, used 23647K [0x00000000a2600000, 0x0000000100000000)
  region size 1024K, 4 young (4096K), 4 survivors (4096K)
 Metaspace       used 53177K, committed 53824K, reserved 1114112K
  class space    used 7320K, committed 7616K, reserved 1048576K
}
Event: 6.466 GC heap before
{Heap before GC invocations=20 (full 0):
 garbage-first heap   total 71680K, used 41055K [0x00000000a2600000, 0x0000000100000000)
  region size 1024K, 22 young (22528K), 4 survivors (4096K)
 Metaspace       used 54982K, committed 55616K, reserved 1114112K
  class space    used 7579K, committed 7872K, reserved 1048576K
}
Event: 6.469 GC heap after
{Heap after GC invocations=21 (full 0):
 garbage-first heap   total 71680K, used 23993K [0x00000000a2600000, 0x0000000100000000)
  region size 1024K, 3 young (3072K), 3 survivors (3072K)
 Metaspace       used 54982K, committed 55616K, reserved 1114112K
  class space    used 7579K, committed 7872K, reserved 1048576K
}
Event: 6.909 GC heap before
{Heap before GC invocations=22 (full 0):
 garbage-first heap   total 71680K, used 63929K [0x00000000a2600000, 0x0000000100000000)
  region size 1024K, 42 young (43008K), 3 survivors (3072K)
 Metaspace       used 58467K, committed 59200K, reserved 1114112K
  class space    used 8075K, committed 8384K, reserved 1048576K
}
Event: 6.912 GC heap after
{Heap after GC invocations=23 (full 0):
 garbage-first heap   total 71680K, used 25777K [0x00000000a2600000, 0x0000000100000000)
  region size 1024K, 5 young (5120K), 5 survivors (5120K)
 Metaspace       used 58467K, committed 59200K, reserved 1114112K
  class space    used 8075K, committed 8384K, reserved 1048576K
}

